Unity Editor version:    2022.3.37f1 (340ba89e4c23)
Branch:                  2022.3/staging
Build type:              Release
Batch mode:              YES
System name:             Linux
Distro version:          #1 SMP PREEMPT_DYNAMIC Fri, 09 May 2025 08:29:37 +0000
Kernel version:          6.12.28-1-lts
Architecture:            x86_64
Available memory:        15909 MB
Using pre-set license
Pro License: YES

(Unity:11117): Gtk-CRITICAL **: 11:10:08.687: gtk_window_set_default_icon: assertion 'GDK_IS_PIXBUF (icon)' failed

(Unity:11117): GLib-GObject-CRITICAL **: 11:10:08.687: g_object_unref: assertion 'G_IS_OBJECT (object)' failed
Desktop is 2560 x 1080 @ 60 Hz
Initialize udev device monitor.

COMMAND LINE ARGUMENTS:
Unity
-adb2
-batchMode
-noUpm
-name
AssetImportWorker1
-projectPath
/home/deny/UnityProjects/FlowerStore
-logFile
Logs/AssetImportWorker1.log
-srvPort
45697
Successfully changed project path to: /home/deny/UnityProjects/FlowerStore
/home/deny/UnityProjects/FlowerStore
[UnityMemory] Configuration Parameters - Can be set up in boot.config
    "memorysetup-bucket-allocator-granularity=16"
    "memorysetup-bucket-allocator-bucket-count=8"
    "memorysetup-bucket-allocator-block-size=33554432"
    "memorysetup-bucket-allocator-block-count=8"
    "memorysetup-main-allocator-block-size=16777216"
    "memorysetup-thread-allocator-block-size=16777216"
    "memorysetup-gfx-main-allocator-block-size=16777216"
    "memorysetup-gfx-thread-allocator-block-size=16777216"
    "memorysetup-cache-allocator-block-size=4194304"
    "memorysetup-typetree-allocator-block-size=2097152"
    "memorysetup-profiler-bucket-allocator-granularity=16"
    "memorysetup-profiler-bucket-allocator-bucket-count=8"
    "memorysetup-profiler-bucket-allocator-block-size=33554432"
    "memorysetup-profiler-bucket-allocator-block-count=8"
    "memorysetup-profiler-allocator-block-size=16777216"
    "memorysetup-profiler-editor-allocator-block-size=1048576"
    "memorysetup-temp-allocator-size-main=16777216"
    "memorysetup-job-temp-allocator-block-size=2097152"
    "memorysetup-job-temp-allocator-block-size-background=1048576"
    "memorysetup-job-temp-allocator-reduction-small-platforms=262144"
    "memorysetup-allocator-temp-initial-block-size-main=262144"
    "memorysetup-allocator-temp-initial-block-size-worker=262144"
    "memorysetup-temp-allocator-size-background-worker=32768"
    "memorysetup-temp-allocator-size-job-worker=262144"
    "memorysetup-temp-allocator-size-preload-manager=33554432"
    "memorysetup-temp-allocator-size-nav-mesh-worker=65536"
    "memorysetup-temp-allocator-size-audio-worker=65536"
    "memorysetup-temp-allocator-size-cloud-worker=32768"
    "memorysetup-temp-allocator-size-gi-baking-worker=262144"
    "memorysetup-temp-allocator-size-gfx=262144"
Player connection [136064759808832] Host "[IP] 192.168.1.106 [Port] 0 [Flags] 2 [Guid] 853821866 [EditorId] 853821866 [Version] 1048832 [Id] LinuxEditor(16,192.168.1.106) [Debug] 1 [PackageName] LinuxEditor [ProjectName] Editor" joined multi-casting on [225.0.0.222:54997]...

Player connection [136064759808832] Host "[IP] 192.168.1.106 [Port] 0 [Flags] 2 [Guid] 853821866 [EditorId] 853821866 [Version] 1048832 [Id] LinuxEditor(16,192.168.1.106) [Debug] 1 [PackageName] LinuxEditor [ProjectName] Editor" joined alternative multi-casting on [225.0.0.222:34997]...

[PhysX] Initialized MultithreadedTaskDispatcher with 12 workers.
Refreshing native plugins compatible for Editor in 3.05 ms, found 0 plugins.
Preloading 0 native plugins for Editor in 0.00 ms.
Initialize engine version: 2022.3.37f1 (340ba89e4c23)
[Subsystems] Discovering subsystems at path /home/deny/Unity/Hub/Editor/2022.3.37f1/Editor/Data/Resources/UnitySubsystems
[Subsystems] Discovering subsystems at path /home/deny/UnityProjects/FlowerStore/Assets
GLX Extensions: GLX_ARB_get_proc_address GLX_ARB_multisample GLX_EXT_visual_info GLX_EXT_visual_rating GLX_SGIX_fbconfig GLX_SGIX_pbuffer GLX_SGI_swap_control GLX_EXT_swap_control GLX_EXT_buffer_age GLX_ARB_create_context GLX_ARB_create_context_profile GLX_ARB_fbconfig_float GLX_EXT_fbconfig_packed_float GLX_EXT_framebuffer_sRGB GLX_NV_copy_image GLX_NV_copy_buffer GLX_EXT_create_context_es_profile GLX_EXT_create_context_es2_profile GLX_ARB_create_context_no_error GLX_ARB_create_context_robustness GLX_ARB_context_flush_control 
Renderer: NVIDIA GeForce GTX 1660/PCIe/SSE2
Vendor:   NVIDIA Corporation
Version:  4.5.0 NVIDIA 570.144
GLES:     0
 GL_AMD_multi_draw_indirect GL_AMD_seamless_cubemap_per_texture GL_AMD_vertex_shader_viewport_index GL_AMD_vertex_shader_layer GL_ARB_arrays_of_arrays GL_ARB_base_instance GL_ARB_bindless_texture GL_ARB_blend_func_extended GL_ARB_buffer_storage GL_ARB_clear_buffer_object GL_ARB_clear_texture GL_ARB_clip_control GL_ARB_color_buffer_float GL_ARB_compressed_texture_pixel_storage GL_ARB_conservative_depth GL_ARB_compute_shader GL_ARB_compute_variable_group_size GL_ARB_conditional_render_inverted GL_ARB_copy_buffer GL_ARB_copy_image GL_ARB_cull_distance GL_ARB_debug_output GL_ARB_depth_buffer_float GL_ARB_depth_clamp GL_ARB_depth_texture GL_ARB_derivative_control GL_ARB_direct_state_access GL_ARB_draw_buffers GL_ARB_draw_buffers_blend GL_ARB_draw_indirect GL_ARB_draw_elements_base_vertex GL_ARB_draw_instanced GL_ARB_enhanced_layouts GL_ARB_ES2_compatibility GL_ARB_ES3_compatibility GL_ARB_ES3_1_compatibility GL_ARB_ES3_2_compatibility GL_ARB_explicit_attrib_location GL_ARB_explicit_uniform_location GL_ARB_fragmen
t_coord_conventions GL_ARB_fragment_layer_viewport GL_ARB_fragment_program GL_ARB_fragment_program_shadow GL_ARB_fragment_shader GL_ARB_fragment_shader_interlock GL_ARB_framebuffer_no_attachments GL_ARB_framebuffer_object GL_ARB_framebuffer_sRGB GL_ARB_geometry_shader4 GL_ARB_get_program_binary GL_ARB_get_texture_sub_image GL_ARB_gl_spirv GL_ARB_gpu_shader5 GL_ARB_gpu_shader_fp64 GL_ARB_gpu_shader_int64 GL_ARB_half_float_pixel GL_ARB_half_float_vertex GL_ARB_imaging GL_ARB_indirect_parameters GL_ARB_instanced_arrays GL_ARB_internalformat_query GL_ARB_internalformat_query2 GL_ARB_invalidate_subdata GL_ARB_map_buffer_alignment GL_ARB_map_buffer_range GL_ARB_multi_bind GL_ARB_multi_draw_indirect GL_ARB_multisample GL_ARB_multitexture GL_ARB_occlusion_query GL_ARB_occlusion_query2 GL_ARB_parallel_shader_compile GL_ARB_pipeline_statistics_query GL_ARB_pixel_buffer_object GL_ARB_point_parameters GL_ARB_point_sprite GL_ARB_polygon_offset_clamp GL_ARB_post_depth_coverage GL_ARB_program_interface_query GL_ARB_provoki
ng_vertex GL_ARB_query_buffer_object GL_ARB_robust_buffer_access_behavior GL_ARB_robustness GL_ARB_sample_locations GL_ARB_sample_shading GL_ARB_sampler_objects GL_ARB_seamless_cube_map GL_ARB_seamless_cubemap_per_texture GL_ARB_separate_shader_objects GL_ARB_shader_atomic_counter_ops GL_ARB_shader_atomic_counters GL_ARB_shader_ballot GL_ARB_shader_bit_encoding GL_ARB_shader_clock GL_ARB_shader_draw_parameters GL_ARB_shader_group_vote GL_ARB_shader_image_load_store GL_ARB_shader_image_size GL_ARB_shader_objects GL_ARB_shader_precision GL_ARB_shader_storage_buffer_object GL_ARB_shader_subroutine GL_ARB_shader_texture_image_samples GL_ARB_shader_texture_lod GL_ARB_shading_language_100 GL_ARB_shader_viewport_layer_array GL_ARB_shading_language_420pack GL_ARB_shading_language_include GL_ARB_shading_language_packing GL_ARB_shadow GL_ARB_sparse_buffer GL_ARB_sparse_texture GL_ARB_sparse_texture2 GL_ARB_sparse_texture_clamp GL_ARB_spirv_extensions GL_ARB_stencil_texturing GL_ARB_sync GL_ARB_tessellation_shader GL_A
RB_texture_barrier GL_ARB_texture_border_clamp GL_ARB_texture_buffer_object GL_ARB_texture_buffer_object_rgb32 GL_ARB_texture_buffer_range GL_ARB_texture_compression GL_ARB_texture_compression_bptc GL_ARB_texture_compression_rgtc GL_ARB_texture_cube_map GL_ARB_texture_cube_map_array GL_ARB_texture_env_add GL_ARB_texture_env_combine GL_ARB_texture_env_crossbar GL_ARB_texture_env_dot3 GL_ARB_texture_filter_anisotropic GL_ARB_texture_filter_minmax GL_ARB_texture_float GL_ARB_texture_gather GL_ARB_texture_mirror_clamp_to_edge GL_ARB_texture_mirrored_repeat GL_ARB_texture_multisample GL_ARB_texture_non_power_of_two GL_ARB_texture_query_levels GL_ARB_texture_query_lod GL_ARB_texture_rectangle GL_ARB_texture_rg GL_ARB_texture_rgb10_a2ui GL_ARB_texture_stencil8 GL_ARB_texture_storage GL_ARB_texture_storage_multisample GL_ARB_texture_swizzle GL_ARB_texture_view GL_ARB_timer_query GL_ARB_transform_feedback2 GL_ARB_transform_feedback3 GL_ARB_transform_feedback_instanced GL_ARB_transform_feedback_overflow_query GL_ARB_t
ranspose_matrix GL_ARB_uniform_buffer_object GL_ARB_vertex_array_bgra GL_ARB_vertex_array_object GL_ARB_vertex_attrib_64bit GL_ARB_vertex_attrib_binding GL_ARB_vertex_buffer_object GL_ARB_vertex_program GL_ARB_vertex_shader GL_ARB_vertex_type_10f_11f_11f_rev GL_ARB_vertex_type_2_10_10_10_rev GL_ARB_viewport_array GL_ARB_window_pos GL_ATI_draw_buffers GL_ATI_texture_float GL_ATI_texture_mirror_once GL_S3_s3tc GL_EXT_texture_env_add GL_EXT_abgr GL_EXT_bgra GL_EXT_bindable_uniform GL_EXT_blend_color GL_EXT_blend_equation_separate GL_EXT_blend_func_separate GL_EXT_blend_minmax GL_EXT_blend_subtract GL_EXT_compiled_vertex_array GL_EXT_Cg_shader GL_EXT_depth_bounds_test GL_EXT_direct_state_access GL_EXT_draw_buffers2 GL_EXT_draw_instanced GL_EXT_draw_range_elements GL_EXT_fog_coord GL_EXT_framebuffer_blit GL_EXT_framebuffer_multisample GL_EXTX_framebuffer_mixed_formats GL_EXT_framebuffer_multisample_blit_scaled GL_EXT_framebuffer_object GL_EXT_framebuffer_sRGB GL_EXT_geometry_shader4 GL_EXT_gpu_program_parameters 
GL_EXT_gpu_shader4 GL_EXT_multi_draw_arrays GL_EXT_multiview_texture_multisample GL_EXT_multiview_timer_query GL_EXT_packed_depth_stencil GL_EXT_packed_float GL_EXT_packed_pixels GL_EXT_pixel_buffer_object GL_EXT_point_parameters GL_EXT_polygon_offset_clamp GL_EXT_post_depth_coverage GL_EXT_provoking_vertex GL_EXT_raster_multisample GL_EXT_rescale_normal GL_EXT_secondary_color GL_EXT_separate_shader_objects GL_EXT_separate_specular_color GL_EXT_shader_image_load_formatted GL_EXT_shader_image_load_store GL_EXT_shader_integer_mix GL_EXT_shadow_funcs GL_EXT_sparse_texture2 GL_EXT_stencil_two_side GL_EXT_stencil_wrap GL_EXT_texture3D GL_EXT_texture_array GL_EXT_texture_buffer_object GL_EXT_texture_compression_dxt1 GL_EXT_texture_compression_latc GL_EXT_texture_compression_rgtc GL_EXT_texture_compression_s3tc GL_EXT_texture_cube_map GL_EXT_texture_edge_clamp GL_EXT_texture_env_combine GL_EXT_texture_env_dot3 GL_EXT_texture_filter_anisotropic GL_EXT_texture_filter_minmax GL_EXT_texture_integer GL_EXT_texture_lod G
L_EXT_texture_lod_bias GL_EXT_texture_mirror_clamp GL_EXT_texture_object GL_EXT_texture_shadow_lod GL_EXT_texture_shared_exponent GL_EXT_texture_sRGB GL_EXT_texture_sRGB_R8 GL_EXT_texture_sRGB_decode GL_EXT_texture_storage GL_EXT_texture_swizzle GL_EXT_timer_query GL_EXT_transform_feedback2 GL_EXT_vertex_array GL_EXT_vertex_array_bgra GL_EXT_vertex_attrib_64bit GL_EXT_window_rectangles GL_EXT_x11_sync_object GL_EXT_import_sync_object GL_NV_robustness_video_memory_purge GL_IBM_rasterpos_clip GL_IBM_texture_mirrored_repeat GL_KHR_context_flush_control GL_KHR_debug GL_EXT_memory_object GL_EXT_memory_object_fd GL_NV_memory_object_sparse GL_KHR_parallel_shader_compile GL_KHR_no_error GL_KHR_robust_buffer_access_behavior GL_KHR_robustness GL_EXT_semaphore GL_EXT_semaphore_fd GL_NV_timeline_semaphore GL_KHR_shader_subgroup GL_KTX_buffer_region GL_NV_alpha_to_coverage_dither_control GL_NV_bindless_multi_draw_indirect GL_NV_bindless_multi_draw_indirect_count GL_NV_bindless_texture GL_NV_blend_equation_advanced GL_NV_
blend_equation_advanced_coherent GL_NVX_blend_equation_advanced_multi_draw_buffers GL_NV_blend_minmax_factor GL_NV_blend_square GL_NV_clip_space_w_scaling GL_NV_command_list GL_NV_compute_program5 GL_NV_compute_shader_derivatives GL_NV_conditional_render GL_NV_conservative_raster GL_NV_conservative_raster_dilate GL_NV_conservative_raster_pre_snap GL_NV_conservative_raster_pre_snap_triangles GL_NV_conservative_raster_underestimation GL_NV_copy_depth_to_color GL_NV_copy_image GL_NV_depth_buffer_float GL_NV_depth_clamp GL_NV_draw_texture GL_NV_draw_vulkan_image GL_NV_ES1_1_compatibility GL_NV_ES3_1_compatibility GL_NV_explicit_multisample GL_NV_feature_query GL_NV_fence GL_NV_fill_rectangle GL_NV_float_buffer GL_NV_fog_distance GL_NV_fragment_coverage_to_color GL_NV_fragment_program GL_NV_fragment_program_option GL_NV_fragment_program2 GL_NV_fragment_shader_barycentric GL_NV_fragment_shader_interlock GL_NV_framebuffer_mixed_samples GL_NV_framebuffer_multisample_coverage GL_NV_geometry_shader4 GL_NV_geometry_sha
der_passthrough GL_NV_gpu_program4 GL_NV_internalformat_sample_query GL_NV_gpu_program4_1 GL_NV_gpu_program5 GL_NV_gpu_program5_mem_extended GL_NV_gpu_program_fp64 GL_NV_gpu_program_multiview GL_NV_gpu_shader5 GL_NV_half_float GL_NV_light_max_exponent GL_NV_memory_attachment GL_NV_mesh_shader GL_NV_multisample_coverage GL_NV_multisample_filter_hint GL_NV_occlusion_query GL_NV_packed_depth_stencil GL_NV_parameter_buffer_object GL_NV_parameter_buffer_object2 GL_NV_path_rendering GL_NV_path_rendering_shared_edge GL_NV_pixel_data_range GL_NV_point_sprite GL_NV_primitive_restart GL_NV_query_resource GL_NV_query_resource_tag GL_NV_register_combiners GL_NV_register_combiners2 GL_NV_representative_fragment_test GL_NV_sample_locations GL_NV_sample_mask_override_coverage GL_NV_scissor_exclusive GL_NV_shader_atomic_counters GL_NV_shader_atomic_float GL_NV_shader_atomic_float64 GL_NV_shader_atomic_fp16_vector GL_NV_shader_atomic_int64 GL_NV_shader_buffer_load GL_NV_shader_storage_buffer_object GL_NV_shader_subgroup_part
itioned GL_NV_shader_texture_footprint GL_NV_shading_rate_image GL_NV_stereo_view_rendering GL_NV_texgen_reflection GL_NV_texture_barrier GL_NV_texture_compression_vtc GL_NV_texture_env_combine4 GL_NV_texture_multisample GL_NV_texture_rectangle GL_NV_texture_rectangle_compressed GL_NV_texture_shader GL_NV_texture_shader2 GL_NV_texture_shader3 GL_NV_transform_feedback GL_NV_transform_feedback2 GL_NV_uniform_buffer_unified_memory GL_NV_uniform_buffer_std430_layout GL_NV_vdpau_interop GL_NV_vdpau_interop2 GL_NV_vertex_array_range GL_NV_vertex_array_range2 GL_NV_vertex_attrib_integer_64bit GL_NV_vertex_buffer_unified_memory GL_NV_vertex_program GL_NV_vertex_program1_1 GL_NV_vertex_program2 GL_NV_vertex_program2_option GL_NV_vertex_program3 GL_NV_viewport_array2 GL_NV_viewport_swizzle GL_NVX_conditional_render GL_NV_gpu_multicast GL_NVX_progress_fence GL_NVX_gpu_memory_info GL_NVX_nvenc_interop GL_NV_shader_thread_group GL_NV_shader_thread_shuffle GL_KHR_blend_equation_advanced GL_KHR_blend_equation_advanced_cohe
rent GL_OVR_multiview GL_OVR_multiview2 GL_SGIS_generate_mipmap GL_SGIS_texture_lod GL_SGIX_depth_texture GL_SGIX_shadow GL_SUN_slice_accum
OPENGL LOG: Creating OpenGL 4.5 graphics device ; Context level  <OpenGL 4.5> ; Context handle 264069704
Initialize mono
Mono path[0] = '/home/deny/Unity/Hub/Editor/2022.3.37f1/Editor/Data/Managed'
Mono path[1] = '/home/deny/Unity/Hub/Editor/2022.3.37f1/Editor/Data/MonoBleedingEdge/lib/mono/unityjit-linux'
Mono config path = '/home/deny/Unity/Hub/Editor/2022.3.37f1/Editor/Data/MonoBleedingEdge/etc'
Using monoOptions --debugger-agent=transport=dt_socket,embedding=1,server=y,suspend=n,address=127.0.0.1:56117
Begin MonoManager ReloadAssembly
Registering precompiled unity dll's ...
Register platform support module: /home/deny/Unity/Hub/Editor/2022.3.37f1/Editor/Data/PlaybackEngines/MacStandaloneSupport/UnityEditor.OSXStandalone.Extensions.dll
Register platform support module: /home/deny/Unity/Hub/Editor/2022.3.37f1/Editor/Data/PlaybackEngines/AndroidPlayer/UnityEditor.Android.Extensions.dll
Register platform support module: /home/deny/Unity/Hub/Editor/2022.3.37f1/Editor/Data/PlaybackEngines/WindowsStandaloneSupport/UnityEditor.WindowsStandalone.Extensions.dll
Register platform support module: /home/deny/Unity/Hub/Editor/2022.3.37f1/Editor/Data/PlaybackEngines/LinuxStandaloneSupport/UnityEditor.LinuxStandalone.Extensions.dll
Registered in 0.014083 seconds.
- Loaded All Assemblies, in  0.402 seconds
Native extension for LinuxStandalone target not found
Native extension for WindowsStandalone target not found
Native extension for Android target not found
Android Extension - Scanning For ADB Devices 455 ms
Native extension for OSXStandalone target not found
Mono: successfully reloaded assembly
- Finished resetting the current domain, in  0.920 seconds
Domain Reload Profiling: 1322ms
	BeginReloadAssembly (84ms)
		ExecutionOrderSort (0ms)
		DisableScriptedObjects (0ms)
		BackupInstance (0ms)
		ReleaseScriptingObjects (0ms)
		CreateAndSetChildDomain (1ms)
	RebuildCommonClasses (46ms)
	RebuildNativeTypeToScriptingClass (11ms)
	initialDomainReloadingComplete (82ms)
	LoadAllAssembliesAndSetupDomain (179ms)
		LoadAssemblies (84ms)
		RebuildTransferFunctionScriptingTraits (0ms)
		AnalyzeDomain (176ms)
			TypeCache.Refresh (175ms)
				TypeCache.ScanAssembly (160ms)
			ScanForSourceGeneratedMonoScriptInfo (0ms)
			ResolveRequiredComponents (0ms)
	FinalizeReload (921ms)
		ReleaseScriptCaches (0ms)
		RebuildScriptCaches (0ms)
		SetupLoadedEditorAssemblies (847ms)
			LogAssemblyErrors (0ms)
			InitializePlatformSupportModulesInManaged (633ms)
			SetLoadedEditorAssemblies (4ms)
			RefreshPlugins (0ms)
			BeforeProcessingInitializeOnLoad (3ms)
			ProcessInitializeOnLoadAttributes (144ms)
			ProcessInitializeOnLoadMethodAttributes (63ms)
			AfterProcessingInitializeOnLoad (0ms)
			EditorAssembliesLoaded (0ms)
		ExecutionOrderSort2 (0ms)
		AwakeInstancesAfterBackupRestoration (0ms)
========================================================================
Worker process is ready to serve import requests
Begin MonoManager ReloadAssembly
- Loaded All Assemblies, in  0.657 seconds
Refreshing native plugins compatible for Editor in 1.23 ms, found 0 plugins.
Native extension for LinuxStandalone target not found
Native extension for WindowsStandalone target not found
Native extension for Android target not found
Native extension for OSXStandalone target not found
Mono: successfully reloaded assembly
- Finished resetting the current domain, in  0.826 seconds
Domain Reload Profiling: 1483ms
	BeginReloadAssembly (143ms)
		ExecutionOrderSort (0ms)
		DisableScriptedObjects (7ms)
		BackupInstance (0ms)
		ReleaseScriptingObjects (0ms)
		CreateAndSetChildDomain (34ms)
	RebuildCommonClasses (44ms)
	RebuildNativeTypeToScriptingClass (11ms)
	initialDomainReloadingComplete (52ms)
	LoadAllAssembliesAndSetupDomain (406ms)
		LoadAssemblies (251ms)
		RebuildTransferFunctionScriptingTraits (0ms)
		AnalyzeDomain (215ms)
			TypeCache.Refresh (190ms)
				TypeCache.ScanAssembly (173ms)
			ScanForSourceGeneratedMonoScriptInfo (17ms)
			ResolveRequiredComponents (6ms)
	FinalizeReload (827ms)
		ReleaseScriptCaches (0ms)
		RebuildScriptCaches (0ms)
		SetupLoadedEditorAssemblies (608ms)
			LogAssemblyErrors (0ms)
			InitializePlatformSupportModulesInManaged (75ms)
			SetLoadedEditorAssemblies (7ms)
			RefreshPlugins (0ms)
			BeforeProcessingInitializeOnLoad (78ms)
			ProcessInitializeOnLoadAttributes (412ms)
			ProcessInitializeOnLoadMethodAttributes (29ms)
			AfterProcessingInitializeOnLoad (7ms)
			EditorAssembliesLoaded (0ms)
		ExecutionOrderSort2 (0ms)
		AwakeInstancesAfterBackupRestoration (5ms)
Launched and connected shader compiler UnityShaderCompiler after 0.01 seconds
Refreshing native plugins compatible for Editor in 1.12 ms, found 0 plugins.
Preloading 0 native plugins for Editor in 0.00 ms.
Unloading 3239 Unused Serialized files (Serialized files now loaded: 0)
Unloading 37 unused Assets / (49.1 KB). Loaded Objects now: 3705.
Memory consumption went from 128.9 MB to 128.9 MB.
Total: 5.249056 ms (FindLiveObjects: 0.326883 ms CreateObjectMapping: 0.099006 ms MarkObjects: 4.465366 ms  DeleteObjects: 0.356128 ms)

AssetImportParameters requested are different than current active one (requested -> active):
  custom:container-demuxer-ogg: 62fdf1f143b41e24485cea50d1cbac27 -> 
  custom:video-decoder-ogg-theora: a1e56fd34408186e4bbccfd4996cb3dc -> 
  custom:CustomObjectIndexerAttribute: 232f87dd983dbecb2a4e21e08eb2cef8 -> 
  custom:container-demuxer-webm: 4f35f7cbe854078d1ac9338744f61a02 -> 
  custom:container-muxer-webm: aa71ff27fc2769a1b78a27578f13a17b -> 
  custom:video-decoder-webm-vp8: 9c59270c3fd7afecdb556c50c9e8de78 -> 
  custom:SearchIndexIgnoredProperties: e643bd26f0fe6173181afceb89e7c659 -> 
  custom:AudioImporter_EditorPlatform: 2f0ff77a95e0ac474e3e8eeba4e2f7cb -> 
  custom:video-encoder-webm-vp8: eb34c28f22e8b96e1ab97ce403110664 -> 
  custom:audio-decoder-ogg-vorbis: bf7c407c2cedff20999df2af8eb42d56 -> 
  custom:audio-encoder-webm-vorbis: bf7c407c2cedff20999df2af8eb42d56 -> 
========================================================================
Received Import Request.
  Time since last request: 7527.744754 seconds.
  path: Assets/ImportAssets/Flowers/Gogo Casual Pack/Gogo Casual Free Plants Pack/Prefabs/Decoration_Plant_01_02.prefab
  artifactKey: Guid(93c24c3897ee80f47847c675d94dc13d) Importer(815301076,1909f56bfc062723c751e8b465ee728b)
Start importing Assets/ImportAssets/Flowers/Gogo Casual Pack/Gogo Casual Free Plants Pack/Prefabs/Decoration_Plant_01_02.prefab using Guid(93c24c3897ee80f47847c675d94dc13d) Importer(815301076,1909f56bfc062723c751e8b465ee728b) [PhysX] Initialized MultithreadedTaskDispatcher with 12 workers.
[PhysX] Initialized MultithreadedTaskDispatcher with 12 workers.
 -> (artifact id: '5fdd81c27226fe80478f87a302428f84') in 0.354482 seconds
Number of updated asset objects reloaded before import = 0
Number of asset objects unloaded after import = 19
========================================================================
Received Import Request.
  Time since last request: 0.000053 seconds.
  path: Assets/ImportAssets/Flowers/Gogo Casual Pack/Gogo Casual Free Plants Pack/Prefabs/Decoration_Plant_05_03.prefab
  artifactKey: Guid(d0cbb5af73eb3ca409048c587f070569) Importer(815301076,1909f56bfc062723c751e8b465ee728b)
Start importing Assets/ImportAssets/Flowers/Gogo Casual Pack/Gogo Casual Free Plants Pack/Prefabs/Decoration_Plant_05_03.prefab using Guid(d0cbb5af73eb3ca409048c587f070569) Importer(815301076,1909f56bfc062723c751e8b465ee728b) [PhysX] Initialized MultithreadedTaskDispatcher with 12 workers.
[PhysX] Initialized MultithreadedTaskDispatcher with 12 workers.
 -> (artifact id: 'bf2fd4b0badb87f689d859ce25943669') in 0.183532 seconds
Number of updated asset objects reloaded before import = 0
Number of asset objects unloaded after import = 19
========================================================================
Received Import Request.
  Time since last request: 0.000047 seconds.
  path: Assets/ImportAssets/Flowers/Gogo Casual Pack/Gogo Casual Free Plants Pack/Prefabs/Decoration_Plant_01_03.prefab
  artifactKey: Guid(5d8af692d06131446b0eb694b3f8ca51) Importer(815301076,1909f56bfc062723c751e8b465ee728b)
Start importing Assets/ImportAssets/Flowers/Gogo Casual Pack/Gogo Casual Free Plants Pack/Prefabs/Decoration_Plant_01_03.prefab using Guid(5d8af692d06131446b0eb694b3f8ca51) Importer(815301076,1909f56bfc062723c751e8b465ee728b) [PhysX] Initialized MultithreadedTaskDispatcher with 12 workers.
[PhysX] Initialized MultithreadedTaskDispatcher with 12 workers.
 -> (artifact id: 'e6a91e2835ad9814a91c4d41667507db') in 0.185546 seconds
Number of updated asset objects reloaded before import = 0
Number of asset objects unloaded after import = 19
========================================================================
Received Import Request.
  Time since last request: 0.000049 seconds.
  path: Assets/ImportAssets/Flowers/Gogo Casual Pack/Gogo Casual Free Plants Pack/Prefabs/Decoration_Vase_01_04.prefab
  artifactKey: Guid(6260ae56b794c9c46948d8ab6a21cefa) Importer(815301076,1909f56bfc062723c751e8b465ee728b)
Start importing Assets/ImportAssets/Flowers/Gogo Casual Pack/Gogo Casual Free Plants Pack/Prefabs/Decoration_Vase_01_04.prefab using Guid(6260ae56b794c9c46948d8ab6a21cefa) Importer(815301076,1909f56bfc062723c751e8b465ee728b) [PhysX] Initialized MultithreadedTaskDispatcher with 12 workers.
[PhysX] Initialized MultithreadedTaskDispatcher with 12 workers.
 -> (artifact id: 'f02e5fb55b3ee58b81bb68a20674cffc') in 0.192936 seconds
Number of updated asset objects reloaded before import = 0
Number of asset objects unloaded after import = 19
========================================================================
Received Import Request.
  Time since last request: 0.000059 seconds.
  path: Assets/ImportAssets/Flowers/Gogo Casual Pack/Gogo Casual Free Plants Pack/Prefabs/Decoration_Plant_07_03.prefab
  artifactKey: Guid(2c18d82e40ae72e42a032ed52b68ad09) Importer(815301076,1909f56bfc062723c751e8b465ee728b)
Start importing Assets/ImportAssets/Flowers/Gogo Casual Pack/Gogo Casual Free Plants Pack/Prefabs/Decoration_Plant_07_03.prefab using Guid(2c18d82e40ae72e42a032ed52b68ad09) Importer(815301076,1909f56bfc062723c751e8b465ee728b) [PhysX] Initialized MultithreadedTaskDispatcher with 12 workers.
[PhysX] Initialized MultithreadedTaskDispatcher with 12 workers.
 -> (artifact id: '9bcd3b15071517345c5eb3e4bd732cf7') in 0.195970 seconds
Number of updated asset objects reloaded before import = 0
Number of asset objects unloaded after import = 19
========================================================================
Received Import Request.
  Time since last request: 0.000043 seconds.
  path: Assets/ImportAssets/Flowers/Gogo Casual Pack/Gogo Casual Free Plants Pack/Prefabs/Decoration_Vase_03_04.prefab
  artifactKey: Guid(53bcd49afc886744aa05c99dd848a62c) Importer(815301076,1909f56bfc062723c751e8b465ee728b)
Start importing Assets/ImportAssets/Flowers/Gogo Casual Pack/Gogo Casual Free Plants Pack/Prefabs/Decoration_Vase_03_04.prefab using Guid(53bcd49afc886744aa05c99dd848a62c) Importer(815301076,1909f56bfc062723c751e8b465ee728b) [PhysX] Initialized MultithreadedTaskDispatcher with 12 workers.
[PhysX] Initialized MultithreadedTaskDispatcher with 12 workers.
 -> (artifact id: '0c0481fd2af271911ee1a3afd6479359') in 0.175688 seconds
Number of updated asset objects reloaded before import = 0
Number of asset objects unloaded after import = 19
========================================================================
Received Import Request.
  Time since last request: 0.000064 seconds.
  path: Assets/ImportAssets/Flowers/Gogo Casual Pack/Gogo Casual Free Plants Pack/Prefabs/Decoration_Plant_04_03.prefab
  artifactKey: Guid(afd227f78cf0bfb439553cd1ed02009e) Importer(815301076,1909f56bfc062723c751e8b465ee728b)
Start importing Assets/ImportAssets/Flowers/Gogo Casual Pack/Gogo Casual Free Plants Pack/Prefabs/Decoration_Plant_04_03.prefab using Guid(afd227f78cf0bfb439553cd1ed02009e) Importer(815301076,1909f56bfc062723c751e8b465ee728b) [PhysX] Initialized MultithreadedTaskDispatcher with 12 workers.
[PhysX] Initialized MultithreadedTaskDispatcher with 12 workers.
 -> (artifact id: '53dc84ca1de3f682fd4faee7570928d1') in 0.174026 seconds
Number of updated asset objects reloaded before import = 0
Number of asset objects unloaded after import = 19
========================================================================
Received Import Request.
  Time since last request: 0.000030 seconds.
  path: Assets/ImportAssets/Flowers/Gogo Casual Pack/Gogo Casual Free Plants Pack/Prefabs/Decoration_Plant_09_02.prefab
  artifactKey: Guid(80df1e6c02c6246438fa13884f1a0bf0) Importer(815301076,1909f56bfc062723c751e8b465ee728b)
Start importing Assets/ImportAssets/Flowers/Gogo Casual Pack/Gogo Casual Free Plants Pack/Prefabs/Decoration_Plant_09_02.prefab using Guid(80df1e6c02c6246438fa13884f1a0bf0) Importer(815301076,1909f56bfc062723c751e8b465ee728b) [PhysX] Initialized MultithreadedTaskDispatcher with 12 workers.
[PhysX] Initialized MultithreadedTaskDispatcher with 12 workers.
 -> (artifact id: 'f062243e3be9d56b39fb043ac10a52ef') in 0.185735 seconds
Number of updated asset objects reloaded before import = 0
Number of asset objects unloaded after import = 19
========================================================================
Received Import Request.
  Time since last request: 0.000040 seconds.
  path: Assets/ImportAssets/Flowers/Gogo Casual Pack/Gogo Casual Free Plants Pack/Prefabs/Decoration_Vase_02_02.prefab
  artifactKey: Guid(58ae5ffa58af7e8408246d351688267b) Importer(815301076,1909f56bfc062723c751e8b465ee728b)
Start importing Assets/ImportAssets/Flowers/Gogo Casual Pack/Gogo Casual Free Plants Pack/Prefabs/Decoration_Vase_02_02.prefab using Guid(58ae5ffa58af7e8408246d351688267b) Importer(815301076,1909f56bfc062723c751e8b465ee728b) [PhysX] Initialized MultithreadedTaskDispatcher with 12 workers.
[PhysX] Initialized MultithreadedTaskDispatcher with 12 workers.
 -> (artifact id: '3c60cc43d93d1275016bccd3bd34eb84') in 0.175524 seconds
Number of updated asset objects reloaded before import = 0
Number of asset objects unloaded after import = 19
========================================================================
Received Import Request.
  Time since last request: 0.000068 seconds.
  path: Assets/ImportAssets/Flowers/Gogo Casual Pack/Gogo Casual Free Plants Pack/Prefabs/Decoration_Plant_06_03.prefab
  artifactKey: Guid(93792249b9557c54881ae48659c40801) Importer(815301076,1909f56bfc062723c751e8b465ee728b)
Start importing Assets/ImportAssets/Flowers/Gogo Casual Pack/Gogo Casual Free Plants Pack/Prefabs/Decoration_Plant_06_03.prefab using Guid(93792249b9557c54881ae48659c40801) Importer(815301076,1909f56bfc062723c751e8b465ee728b) [PhysX] Initialized MultithreadedTaskDispatcher with 12 workers.
[PhysX] Initialized MultithreadedTaskDispatcher with 12 workers.
 -> (artifact id: '66b12637cfa7db434c1e315b8e54354b') in 0.170352 seconds
Number of updated asset objects reloaded before import = 0
Number of asset objects unloaded after import = 19
========================================================================
Received Import Request.
  Time since last request: 0.000040 seconds.
  path: Assets/ImportAssets/Flowers/Gogo Casual Pack/Gogo Casual Free Plants Pack/Prefabs/Decoration_Vase_03_01.prefab
  artifactKey: Guid(044bd515c641c314790fcf6ea9279f7c) Importer(815301076,1909f56bfc062723c751e8b465ee728b)
Start importing Assets/ImportAssets/Flowers/Gogo Casual Pack/Gogo Casual Free Plants Pack/Prefabs/Decoration_Vase_03_01.prefab using Guid(044bd515c641c314790fcf6ea9279f7c) Importer(815301076,1909f56bfc062723c751e8b465ee728b) [PhysX] Initialized MultithreadedTaskDispatcher with 12 workers.
[PhysX] Initialized MultithreadedTaskDispatcher with 12 workers.
 -> (artifact id: '66e1de6b4fe5dbe65969bee4cc9c74a4') in 0.187189 seconds
Number of updated asset objects reloaded before import = 0
Number of asset objects unloaded after import = 19
========================================================================
Received Import Request.
  Time since last request: 0.000033 seconds.
  path: Assets/ImportAssets/Flowers/Gogo Casual Pack/Gogo Casual Free Plants Pack/Prefabs/Decoration_Plant_03_02.prefab
  artifactKey: Guid(b13aae084c2001e41b6bd4a4dcc3671f) Importer(815301076,1909f56bfc062723c751e8b465ee728b)
Start importing Assets/ImportAssets/Flowers/Gogo Casual Pack/Gogo Casual Free Plants Pack/Prefabs/Decoration_Plant_03_02.prefab using Guid(b13aae084c2001e41b6bd4a4dcc3671f) Importer(815301076,1909f56bfc062723c751e8b465ee728b) [PhysX] Initialized MultithreadedTaskDispatcher with 12 workers.
[PhysX] Initialized MultithreadedTaskDispatcher with 12 workers.
 -> (artifact id: '392a9d441f71163901100d1ec019a8c7') in 0.201324 seconds
Number of updated asset objects reloaded before import = 0
Number of asset objects unloaded after import = 19
========================================================================
Received Import Request.
  Time since last request: 0.000056 seconds.
  path: Assets/ImportAssets/Flowers/Gogo Casual Pack/Gogo Casual Free Plants Pack/Prefabs/Decoration_Plant_02_01.prefab
  artifactKey: Guid(91fb15e9d2bcf1c4bbf25fac679dde2a) Importer(815301076,1909f56bfc062723c751e8b465ee728b)
Start importing Assets/ImportAssets/Flowers/Gogo Casual Pack/Gogo Casual Free Plants Pack/Prefabs/Decoration_Plant_02_01.prefab using Guid(91fb15e9d2bcf1c4bbf25fac679dde2a) Importer(815301076,1909f56bfc062723c751e8b465ee728b) [PhysX] Initialized MultithreadedTaskDispatcher with 12 workers.
[PhysX] Initialized MultithreadedTaskDispatcher with 12 workers.
 -> (artifact id: '18b48bdfff7bd4be878ded58c76df868') in 0.191631 seconds
Number of updated asset objects reloaded before import = 0
Number of asset objects unloaded after import = 19
========================================================================
Received Import Request.
  Time since last request: 0.000062 seconds.
  path: Assets/ImportAssets/Flowers/Gogo Casual Pack/Gogo Casual Free Plants Pack/Prefabs/Decoration_Plant_06_01.prefab
  artifactKey: Guid(13ba4b06dfebf5a4fb50625a9c714283) Importer(815301076,1909f56bfc062723c751e8b465ee728b)
Start importing Assets/ImportAssets/Flowers/Gogo Casual Pack/Gogo Casual Free Plants Pack/Prefabs/Decoration_Plant_06_01.prefab using Guid(13ba4b06dfebf5a4fb50625a9c714283) Importer(815301076,1909f56bfc062723c751e8b465ee728b) [PhysX] Initialized MultithreadedTaskDispatcher with 12 workers.
[PhysX] Initialized MultithreadedTaskDispatcher with 12 workers.
 -> (artifact id: '281dafa277dae8a423576bdb60fc7ab5') in 0.200099 seconds
Number of updated asset objects reloaded before import = 0
Number of asset objects unloaded after import = 19
========================================================================
Received Import Request.
  Time since last request: 0.000040 seconds.
  path: Assets/ImportAssets/Flowers/Gogo Casual Pack/Gogo Casual Free Plants Pack/Prefabs/Decoration_Plant_08_01.prefab
  artifactKey: Guid(629563af380ee3443ababd902827fb7b) Importer(815301076,1909f56bfc062723c751e8b465ee728b)
Start importing Assets/ImportAssets/Flowers/Gogo Casual Pack/Gogo Casual Free Plants Pack/Prefabs/Decoration_Plant_08_01.prefab using Guid(629563af380ee3443ababd902827fb7b) Importer(815301076,1909f56bfc062723c751e8b465ee728b) [PhysX] Initialized MultithreadedTaskDispatcher with 12 workers.
[PhysX] Initialized MultithreadedTaskDispatcher with 12 workers.
 -> (artifact id: '9cf92e4b7dc3edb90e2e2761a5518f02') in 0.191187 seconds
Number of updated asset objects reloaded before import = 0
Number of asset objects unloaded after import = 19
========================================================================
Received Import Request.
  Time since last request: 0.000034 seconds.
  path: Assets/ImportAssets/Flowers/Gogo Casual Pack/Gogo Casual Free Plants Pack/Prefabs/Decoration_Plant_06_02.prefab
  artifactKey: Guid(a1d0eee59e8fc1740ae9ad80096b853d) Importer(815301076,1909f56bfc062723c751e8b465ee728b)
Start importing Assets/ImportAssets/Flowers/Gogo Casual Pack/Gogo Casual Free Plants Pack/Prefabs/Decoration_Plant_06_02.prefab using Guid(a1d0eee59e8fc1740ae9ad80096b853d) Importer(815301076,1909f56bfc062723c751e8b465ee728b) [PhysX] Initialized MultithreadedTaskDispatcher with 12 workers.
[PhysX] Initialized MultithreadedTaskDispatcher with 12 workers.
 -> (artifact id: '2b7ed382fc47a1741bc1fcd71b683f0b') in 0.176537 seconds
Number of updated asset objects reloaded before import = 0
Number of asset objects unloaded after import = 19
========================================================================
Received Import Request.
  Time since last request: 0.000071 seconds.
  path: Assets/ImportAssets/Flowers/Gogo Casual Pack/Gogo Casual Free Plants Pack/Prefabs/Decoration_Plant_10_02.prefab
  artifactKey: Guid(0bbc2e948e9d48347a96dd881415e0ba) Importer(815301076,1909f56bfc062723c751e8b465ee728b)
Start importing Assets/ImportAssets/Flowers/Gogo Casual Pack/Gogo Casual Free Plants Pack/Prefabs/Decoration_Plant_10_02.prefab using Guid(0bbc2e948e9d48347a96dd881415e0ba) Importer(815301076,1909f56bfc062723c751e8b465ee728b) [PhysX] Initialized MultithreadedTaskDispatcher with 12 workers.
[PhysX] Initialized MultithreadedTaskDispatcher with 12 workers.
 -> (artifact id: '8e225f08276456ad00a884d6e12de52e') in 0.188945 seconds
Number of updated asset objects reloaded before import = 0
Number of asset objects unloaded after import = 19
========================================================================
Received Import Request.
  Time since last request: 0.000028 seconds.
  path: Assets/ImportAssets/Flowers/Gogo Casual Pack/Gogo Casual Free Plants Pack/Prefabs/Decoration_Plant_04_02.prefab
  artifactKey: Guid(ff55d871c9024b048a2839290bb42bd1) Importer(815301076,1909f56bfc062723c751e8b465ee728b)
Start importing Assets/ImportAssets/Flowers/Gogo Casual Pack/Gogo Casual Free Plants Pack/Prefabs/Decoration_Plant_04_02.prefab using Guid(ff55d871c9024b048a2839290bb42bd1) Importer(815301076,1909f56bfc062723c751e8b465ee728b) [PhysX] Initialized MultithreadedTaskDispatcher with 12 workers.
[PhysX] Initialized MultithreadedTaskDispatcher with 12 workers.
 -> (artifact id: 'df7b109032661a8ba11ab09843196ad8') in 0.195164 seconds
Number of updated asset objects reloaded before import = 0
Number of asset objects unloaded after import = 19
========================================================================
Received Import Request.
  Time since last request: 0.000045 seconds.
  path: Assets/ImportAssets/Flowers/Gogo Casual Pack/Gogo Casual Free Plants Pack/Prefabs/Decoration_Plant_05_01.prefab
  artifactKey: Guid(1f86ac0ee023f7e4aafc912fad73d4fc) Importer(815301076,1909f56bfc062723c751e8b465ee728b)
Start importing Assets/ImportAssets/Flowers/Gogo Casual Pack/Gogo Casual Free Plants Pack/Prefabs/Decoration_Plant_05_01.prefab using Guid(1f86ac0ee023f7e4aafc912fad73d4fc) Importer(815301076,1909f56bfc062723c751e8b465ee728b) [PhysX] Initialized MultithreadedTaskDispatcher with 12 workers.
[PhysX] Initialized MultithreadedTaskDispatcher with 12 workers.
 -> (artifact id: 'ae65422ba509b64911613883d2aeb31d') in 0.190650 seconds
Number of updated asset objects reloaded before import = 0
Number of asset objects unloaded after import = 19
========================================================================
Received Import Request.
  Time since last request: 0.000048 seconds.
  path: Assets/ImportAssets/Flowers/Gogo Casual Pack/Gogo Casual Free Plants Pack/Materials
  artifactKey: Guid(e8abe2c5a68644f40ba90ff2e0314d19) Importer(815301076,1909f56bfc062723c751e8b465ee728b)
Start importing Assets/ImportAssets/Flowers/Gogo Casual Pack/Gogo Casual Free Plants Pack/Materials using Guid(e8abe2c5a68644f40ba90ff2e0314d19) Importer(815301076,1909f56bfc062723c751e8b465ee728b) [PhysX] Initialized MultithreadedTaskDispatcher with 12 workers.
 -> (artifact id: '254a9f075ea56bfd5ae656865a77fa5c') in 0.000543 seconds
Number of updated asset objects reloaded before import = 0
Number of asset objects unloaded after import = 0
========================================================================
Received Import Request.
  Time since last request: 0.000061 seconds.
  path: Assets/ImportAssets/Flowers/Gogo Casual Pack/Gogo Casual Free Plants Pack/Materials/color pallete.png
  artifactKey: Guid(48f1fbd7cf4ab3c4fa4615389b51ea03) Importer(815301076,1909f56bfc062723c751e8b465ee728b)
Start importing Assets/ImportAssets/Flowers/Gogo Casual Pack/Gogo Casual Free Plants Pack/Materials/color pallete.png using Guid(48f1fbd7cf4ab3c4fa4615389b51ea03) Importer(815301076,1909f56bfc062723c751e8b465ee728b) [PhysX] Initialized MultithreadedTaskDispatcher with 12 workers.
[PhysX] Initialized MultithreadedTaskDispatcher with 12 workers.
 -> (artifact id: '6c9c8b90e44c3a0918acad42fc39964b') in 0.116524 seconds
Number of updated asset objects reloaded before import = 0
Number of asset objects unloaded after import = 2
========================================================================
Received Import Request.
  Time since last request: 0.000038 seconds.
  path: Assets/ImportAssets/Flowers/Gogo Casual Pack/Gogo Casual Free Plants Pack/Prefabs/Decoration_Plant_05_02.prefab
  artifactKey: Guid(a4c4ee11ebed941438cd57938c0240e6) Importer(815301076,1909f56bfc062723c751e8b465ee728b)
Start importing Assets/ImportAssets/Flowers/Gogo Casual Pack/Gogo Casual Free Plants Pack/Prefabs/Decoration_Plant_05_02.prefab using Guid(a4c4ee11ebed941438cd57938c0240e6) Importer(815301076,1909f56bfc062723c751e8b465ee728b) [PhysX] Initialized MultithreadedTaskDispatcher with 12 workers.
[PhysX] Initialized MultithreadedTaskDispatcher with 12 workers.
 -> (artifact id: '42bc1c87b2f5e09394a4c1f8b3f402af') in 0.191080 seconds
Number of updated asset objects reloaded before import = 0
Number of asset objects unloaded after import = 19
========================================================================
Received Import Request.
  Time since last request: 0.000055 seconds.
  path: Assets/ImportAssets/Flowers/Gogo Casual Pack/Gogo Casual Free Plants Pack/Prefabs/Decoration_Plant_08_02.prefab
  artifactKey: Guid(afbd1bf8f2d4f1348936e260af20b098) Importer(815301076,1909f56bfc062723c751e8b465ee728b)
Start importing Assets/ImportAssets/Flowers/Gogo Casual Pack/Gogo Casual Free Plants Pack/Prefabs/Decoration_Plant_08_02.prefab using Guid(afbd1bf8f2d4f1348936e260af20b098) Importer(815301076,1909f56bfc062723c751e8b465ee728b) [PhysX] Initialized MultithreadedTaskDispatcher with 12 workers.
[PhysX] Initialized MultithreadedTaskDispatcher with 12 workers.
 -> (artifact id: 'bd8112b7926555a2ee0ff5d98aa28052') in 0.197658 seconds
Number of updated asset objects reloaded before import = 0
Number of asset objects unloaded after import = 19
========================================================================
Received Import Request.
  Time since last request: 10.521180 seconds.
  path: Assets/ImportAssets/Flowers/Gogo Casual Pack/Gogo Casual Free Plants Pack/Materials/Main Mirror.mat
  artifactKey: Guid(82fcf43a2225c344ca850cfe4de4222a) Importer(815301076,1909f56bfc062723c751e8b465ee728b)
Start importing Assets/ImportAssets/Flowers/Gogo Casual Pack/Gogo Casual Free Plants Pack/Materials/Main Mirror.mat using Guid(82fcf43a2225c344ca850cfe4de4222a) Importer(815301076,1909f56bfc062723c751e8b465ee728b) [PhysX] Initialized MultithreadedTaskDispatcher with 12 workers.
[PhysX] Initialized MultithreadedTaskDispatcher with 12 workers.
 -> (artifact id: '1b16e04e9fbf198409e7af116bb0cc99') in 0.037927 seconds
Number of updated asset objects reloaded before import = 0
Number of asset objects unloaded after import = 1
========================================================================
Received Import Request.
  Time since last request: 0.000032 seconds.
  path: Assets/ImportAssets/Flowers/Gogo Casual Pack/Gogo Casual Free Plants Pack/Materials/Main Transparent.mat
  artifactKey: Guid(a144ae4c3c8ddaf4da6639c82a403128) Importer(815301076,1909f56bfc062723c751e8b465ee728b)
Start importing Assets/ImportAssets/Flowers/Gogo Casual Pack/Gogo Casual Free Plants Pack/Materials/Main Transparent.mat using Guid(a144ae4c3c8ddaf4da6639c82a403128) Importer(815301076,1909f56bfc062723c751e8b465ee728b) [PhysX] Initialized MultithreadedTaskDispatcher with 12 workers.
[PhysX] Initialized MultithreadedTaskDispatcher with 12 workers.
 -> (artifact id: '3dcf5e3cb8931b39bfbefa4964f978e9') in 0.099062 seconds
Number of updated asset objects reloaded before import = 0
Number of asset objects unloaded after import = 2
========================================================================
Received Import Request.
  Time since last request: 3.825757 seconds.
  path: Assets/ImportAssets/Flowers/Gogo Casual Pack/Gogo Casual Free Plants Pack/Prefabs/Decoration_Vase_05_02.prefab
  artifactKey: Guid(8f7871eb5686a534c81d91ad0b8bd8dc) Importer(815301076,1909f56bfc062723c751e8b465ee728b)
Start importing Assets/ImportAssets/Flowers/Gogo Casual Pack/Gogo Casual Free Plants Pack/Prefabs/Decoration_Vase_05_02.prefab using Guid(8f7871eb5686a534c81d91ad0b8bd8dc) Importer(815301076,1909f56bfc062723c751e8b465ee728b) [PhysX] Initialized MultithreadedTaskDispatcher with 12 workers.
[PhysX] Initialized MultithreadedTaskDispatcher with 12 workers.
 -> (artifact id: '48945e53f5dc392f7f9b4cc111e1190a') in 0.271226 seconds
Number of updated asset objects reloaded before import = 0
Number of asset objects unloaded after import = 19
========================================================================
Received Import Request.
  Time since last request: 0.000025 seconds.
  path: Assets/ImportAssets/Flowers/Gogo Casual Pack/Gogo Casual Free Plants Pack/Prefabs/Decoration_Vase_08_04.prefab
  artifactKey: Guid(75c7f4b3ded42544c8c5ac5fccb79a7d) Importer(815301076,1909f56bfc062723c751e8b465ee728b)
Start importing Assets/ImportAssets/Flowers/Gogo Casual Pack/Gogo Casual Free Plants Pack/Prefabs/Decoration_Vase_08_04.prefab using Guid(75c7f4b3ded42544c8c5ac5fccb79a7d) Importer(815301076,1909f56bfc062723c751e8b465ee728b) [PhysX] Initialized MultithreadedTaskDispatcher with 12 workers.
[PhysX] Initialized MultithreadedTaskDispatcher with 12 workers.
 -> (artifact id: 'ebf2ccaa00398fe39c1ebe56ab1664af') in 0.211132 seconds
Number of updated asset objects reloaded before import = 0
Number of asset objects unloaded after import = 19
========================================================================
Received Import Request.
  Time since last request: 0.000063 seconds.
  path: Assets/ImportAssets/Flowers/Gogo Casual Pack/Gogo Casual Free Plants Pack/Prefabs/Decoration_Vase_07_03.prefab
  artifactKey: Guid(b0924a516e62eec42bf902f80ae829bc) Importer(815301076,1909f56bfc062723c751e8b465ee728b)
Start importing Assets/ImportAssets/Flowers/Gogo Casual Pack/Gogo Casual Free Plants Pack/Prefabs/Decoration_Vase_07_03.prefab using Guid(b0924a516e62eec42bf902f80ae829bc) Importer(815301076,1909f56bfc062723c751e8b465ee728b) [PhysX] Initialized MultithreadedTaskDispatcher with 12 workers.
[PhysX] Initialized MultithreadedTaskDispatcher with 12 workers.
 -> (artifact id: '7d919b3b33d176695238d0ddf0bd5c92') in 0.207487 seconds
Number of updated asset objects reloaded before import = 0
Number of asset objects unloaded after import = 17
========================================================================
Received Import Request.
  Time since last request: 0.000044 seconds.
  path: Assets/ImportAssets/Flowers/Gogo Casual Pack/Gogo Casual Free Plants Pack/Prefabs/Decoration_Vase_08_02.prefab
  artifactKey: Guid(4ec1535191cd1ab40a00cf7c93708848) Importer(815301076,1909f56bfc062723c751e8b465ee728b)
Start importing Assets/ImportAssets/Flowers/Gogo Casual Pack/Gogo Casual Free Plants Pack/Prefabs/Decoration_Vase_08_02.prefab using Guid(4ec1535191cd1ab40a00cf7c93708848) Importer(815301076,1909f56bfc062723c751e8b465ee728b) [PhysX] Initialized MultithreadedTaskDispatcher with 12 workers.
[PhysX] Initialized MultithreadedTaskDispatcher with 12 workers.
 -> (artifact id: 'ffa481c48d6a92873eb4229278aa5403') in 0.211257 seconds
Number of updated asset objects reloaded before import = 0
Number of asset objects unloaded after import = 19
========================================================================
Received Import Request.
  Time since last request: 0.000048 seconds.
  path: Assets/ImportAssets/Flowers/Gogo Casual Pack/Gogo Casual Free Plants Pack/Prefabs/Decoration_Vase_05_04.prefab
  artifactKey: Guid(eef6c44aa672c4b4180cfda99700a8e2) Importer(815301076,1909f56bfc062723c751e8b465ee728b)
Start importing Assets/ImportAssets/Flowers/Gogo Casual Pack/Gogo Casual Free Plants Pack/Prefabs/Decoration_Vase_05_04.prefab using Guid(eef6c44aa672c4b4180cfda99700a8e2) Importer(815301076,1909f56bfc062723c751e8b465ee728b) [PhysX] Initialized MultithreadedTaskDispatcher with 12 workers.
[PhysX] Initialized MultithreadedTaskDispatcher with 12 workers.
 -> (artifact id: '5fb49172ee7ef2c1167dd5d97423fed5') in 0.199235 seconds
Number of updated asset objects reloaded before import = 0
Number of asset objects unloaded after import = 19
========================================================================
Received Import Request.
  Time since last request: 14.258317 seconds.
  path: Assets/ImportAssets/Flowers/Gogo Casual Pack/Gogo Casual Free Plants Pack/FBX/Decoration_Plant_01_03.fbx
  artifactKey: Guid(cb2c78bdca4002145b9912f86c3cbb20) Importer(815301076,1909f56bfc062723c751e8b465ee728b)
Start importing Assets/ImportAssets/Flowers/Gogo Casual Pack/Gogo Casual Free Plants Pack/FBX/Decoration_Plant_01_03.fbx using Guid(cb2c78bdca4002145b9912f86c3cbb20) Importer(815301076,1909f56bfc062723c751e8b465ee728b) [PhysX] Initialized MultithreadedTaskDispatcher with 12 workers.
[PhysX] Initialized MultithreadedTaskDispatcher with 12 workers.
[PhysX] Initialized MultithreadedTaskDispatcher with 12 workers.
[PhysX] Initialized MultithreadedTaskDispatcher with 12 workers.
 -> (artifact id: '8f57efbaf2c08de2f684bef175784891') in 0.150790 seconds
Number of updated asset objects reloaded before import = 0
Number of asset objects unloaded after import = 9
========================================================================
Received Import Request.
  Time since last request: 0.000058 seconds.
  path: Assets/ImportAssets/Flowers/Gogo Casual Pack/Gogo Casual Free Plants Pack/FBX/Decoration_Vase_02_03.fbx
  artifactKey: Guid(3c478c4d9c2b75f4b9f8974787d860dd) Importer(815301076,1909f56bfc062723c751e8b465ee728b)
Start importing Assets/ImportAssets/Flowers/Gogo Casual Pack/Gogo Casual Free Plants Pack/FBX/Decoration_Vase_02_03.fbx using Guid(3c478c4d9c2b75f4b9f8974787d860dd) Importer(815301076,1909f56bfc062723c751e8b465ee728b) [PhysX] Initialized MultithreadedTaskDispatcher with 12 workers.
[PhysX] Initialized MultithreadedTaskDispatcher with 12 workers.
[PhysX] Initialized MultithreadedTaskDispatcher with 12 workers.
[PhysX] Initialized MultithreadedTaskDispatcher with 12 workers.
 -> (artifact id: '239cb1377cec5ba4d1be319311532e67') in 0.117653 seconds
Number of updated asset objects reloaded before import = 0
Number of asset objects unloaded after import = 9
========================================================================
Received Import Request.
  Time since last request: 0.000051 seconds.
  path: Assets/ImportAssets/Flowers/Gogo Casual Pack/Gogo Casual Free Plants Pack/FBX/Decoration_Plant_03_02.fbx
  artifactKey: Guid(6ddb670162ab8f04eb99c7e7ffca3f76) Importer(815301076,1909f56bfc062723c751e8b465ee728b)
Start importing Assets/ImportAssets/Flowers/Gogo Casual Pack/Gogo Casual Free Plants Pack/FBX/Decoration_Plant_03_02.fbx using Guid(6ddb670162ab8f04eb99c7e7ffca3f76) Importer(815301076,1909f56bfc062723c751e8b465ee728b) [PhysX] Initialized MultithreadedTaskDispatcher with 12 workers.
[PhysX] Initialized MultithreadedTaskDispatcher with 12 workers.
[PhysX] Initialized MultithreadedTaskDispatcher with 12 workers.
[PhysX] Initialized MultithreadedTaskDispatcher with 12 workers.
 -> (artifact id: 'c93fde4383b73199444d9017faad2548') in 0.104650 seconds
Number of updated asset objects reloaded before import = 0
Number of asset objects unloaded after import = 9
========================================================================
Received Import Request.
  Time since last request: 0.000034 seconds.
  path: Assets/ImportAssets/Flowers/Gogo Casual Pack/Gogo Casual Free Plants Pack/FBX/Decoration_Plant_10_03.fbx
  artifactKey: Guid(c44ff891baa3604469826eabdd8b60e4) Importer(815301076,1909f56bfc062723c751e8b465ee728b)
Start importing Assets/ImportAssets/Flowers/Gogo Casual Pack/Gogo Casual Free Plants Pack/FBX/Decoration_Plant_10_03.fbx using Guid(c44ff891baa3604469826eabdd8b60e4) Importer(815301076,1909f56bfc062723c751e8b465ee728b) [PhysX] Initialized MultithreadedTaskDispatcher with 12 workers.
[PhysX] Initialized MultithreadedTaskDispatcher with 12 workers.
[PhysX] Initialized MultithreadedTaskDispatcher with 12 workers.
[PhysX] Initialized MultithreadedTaskDispatcher with 12 workers.
 -> (artifact id: '174f38eedd378c011fea41792f32b732') in 0.119833 seconds
Number of updated asset objects reloaded before import = 0
Number of asset objects unloaded after import = 9
========================================================================
Received Import Request.
  Time since last request: 0.000046 seconds.
  path: Assets/ImportAssets/Flowers/Gogo Casual Pack/Gogo Casual Free Plants Pack/FBX/Decoration_Vase_04_03.fbx
  artifactKey: Guid(1362f968fedf57d4da5de28432985aca) Importer(815301076,1909f56bfc062723c751e8b465ee728b)
Start importing Assets/ImportAssets/Flowers/Gogo Casual Pack/Gogo Casual Free Plants Pack/FBX/Decoration_Vase_04_03.fbx using Guid(1362f968fedf57d4da5de28432985aca) Importer(815301076,1909f56bfc062723c751e8b465ee728b) [PhysX] Initialized MultithreadedTaskDispatcher with 12 workers.
[PhysX] Initialized MultithreadedTaskDispatcher with 12 workers.
[PhysX] Initialized MultithreadedTaskDispatcher with 12 workers.
[PhysX] Initialized MultithreadedTaskDispatcher with 12 workers.
 -> (artifact id: '3394d6f06d4dd0916639022df309c026') in 0.102052 seconds
Number of updated asset objects reloaded before import = 0
Number of asset objects unloaded after import = 9
========================================================================
Received Import Request.
  Time since last request: 0.000055 seconds.
  path: Assets/ImportAssets/Flowers/Gogo Casual Pack/Gogo Casual Free Plants Pack/FBX/Decoration_Plant_05_01.fbx
  artifactKey: Guid(d5f41989d862b4242b54f888c150d97a) Importer(815301076,1909f56bfc062723c751e8b465ee728b)
Start importing Assets/ImportAssets/Flowers/Gogo Casual Pack/Gogo Casual Free Plants Pack/FBX/Decoration_Plant_05_01.fbx using Guid(d5f41989d862b4242b54f888c150d97a) Importer(815301076,1909f56bfc062723c751e8b465ee728b) [PhysX] Initialized MultithreadedTaskDispatcher with 12 workers.
[PhysX] Initialized MultithreadedTaskDispatcher with 12 workers.
[PhysX] Initialized MultithreadedTaskDispatcher with 12 workers.
[PhysX] Initialized MultithreadedTaskDispatcher with 12 workers.
 -> (artifact id: '3bd069ed079cd8bb494f9b3a13aedb80') in 0.111495 seconds
Number of updated asset objects reloaded before import = 0
Number of asset objects unloaded after import = 9
========================================================================
Received Import Request.
  Time since last request: 0.000023 seconds.
  path: Assets/ImportAssets/Flowers/Gogo Casual Pack/Gogo Casual Free Plants Pack/FBX/Decoration_Vase_02_01.fbx
  artifactKey: Guid(bdebe3b3692e8194d85f68de09178594) Importer(815301076,1909f56bfc062723c751e8b465ee728b)
Start importing Assets/ImportAssets/Flowers/Gogo Casual Pack/Gogo Casual Free Plants Pack/FBX/Decoration_Vase_02_01.fbx using Guid(bdebe3b3692e8194d85f68de09178594) Importer(815301076,1909f56bfc062723c751e8b465ee728b) [PhysX] Initialized MultithreadedTaskDispatcher with 12 workers.
[PhysX] Initialized MultithreadedTaskDispatcher with 12 workers.
[PhysX] Initialized MultithreadedTaskDispatcher with 12 workers.
[PhysX] Initialized MultithreadedTaskDispatcher with 12 workers.
 -> (artifact id: '984e5149efe0117fcb61cb14ea0145c2') in 0.110090 seconds
Number of updated asset objects reloaded before import = 0
Number of asset objects unloaded after import = 9
========================================================================
Received Import Request.
  Time since last request: 0.000040 seconds.
  path: Assets/ImportAssets/Flowers/Gogo Casual Pack/Gogo Casual Free Plants Pack/FBX/Decoration_Plant_07_02.fbx
  artifactKey: Guid(c685bce8c892aa747bc9cbe251e9d547) Importer(815301076,1909f56bfc062723c751e8b465ee728b)
Start importing Assets/ImportAssets/Flowers/Gogo Casual Pack/Gogo Casual Free Plants Pack/FBX/Decoration_Plant_07_02.fbx using Guid(c685bce8c892aa747bc9cbe251e9d547) Importer(815301076,1909f56bfc062723c751e8b465ee728b) [PhysX] Initialized MultithreadedTaskDispatcher with 12 workers.
[PhysX] Initialized MultithreadedTaskDispatcher with 12 workers.
[PhysX] Initialized MultithreadedTaskDispatcher with 12 workers.
[PhysX] Initialized MultithreadedTaskDispatcher with 12 workers.
 -> (artifact id: 'c32adeed6f90e3d372778888821ec123') in 0.106633 seconds
Number of updated asset objects reloaded before import = 0
Number of asset objects unloaded after import = 9
========================================================================
Received Import Request.
  Time since last request: 0.000032 seconds.
  path: Assets/ImportAssets/Flowers/Gogo Casual Pack/Gogo Casual Free Plants Pack/FBX/Decoration_Vase_04_02.fbx
  artifactKey: Guid(14df10423bd764e4c8bf053bf27b06a7) Importer(815301076,1909f56bfc062723c751e8b465ee728b)
Start importing Assets/ImportAssets/Flowers/Gogo Casual Pack/Gogo Casual Free Plants Pack/FBX/Decoration_Vase_04_02.fbx using Guid(14df10423bd764e4c8bf053bf27b06a7) Importer(815301076,1909f56bfc062723c751e8b465ee728b) [PhysX] Initialized MultithreadedTaskDispatcher with 12 workers.
[PhysX] Initialized MultithreadedTaskDispatcher with 12 workers.
[PhysX] Initialized MultithreadedTaskDispatcher with 12 workers.
[PhysX] Initialized MultithreadedTaskDispatcher with 12 workers.
 -> (artifact id: 'ebe55ada8f27e1d5a8b3de10d8280b07') in 0.109475 seconds
Number of updated asset objects reloaded before import = 0
Number of asset objects unloaded after import = 9
========================================================================
Received Import Request.
  Time since last request: 0.000023 seconds.
  path: Assets/ImportAssets/Flowers/Gogo Casual Pack/Gogo Casual Free Plants Pack/FBX/Decoration_Plant_04_03.fbx
  artifactKey: Guid(50cfa7c849314b8489db3cc181a31990) Importer(815301076,1909f56bfc062723c751e8b465ee728b)
Start importing Assets/ImportAssets/Flowers/Gogo Casual Pack/Gogo Casual Free Plants Pack/FBX/Decoration_Plant_04_03.fbx using Guid(50cfa7c849314b8489db3cc181a31990) Importer(815301076,1909f56bfc062723c751e8b465ee728b) [PhysX] Initialized MultithreadedTaskDispatcher with 12 workers.
[PhysX] Initialized MultithreadedTaskDispatcher with 12 workers.
[PhysX] Initialized MultithreadedTaskDispatcher with 12 workers.
[PhysX] Initialized MultithreadedTaskDispatcher with 12 workers.
 -> (artifact id: 'fcad3cb5d94e01f87d6457c0059cc120') in 0.103570 seconds
Number of updated asset objects reloaded before import = 0
Number of asset objects unloaded after import = 9
========================================================================
Received Import Request.
  Time since last request: 0.000044 seconds.
  path: Assets/ImportAssets/Flowers/Gogo Casual Pack/Gogo Casual Free Plants Pack/FBX/Decoration_Plant_09_03.fbx
  artifactKey: Guid(9965f1cf286e5d04297eae6af7db3532) Importer(815301076,1909f56bfc062723c751e8b465ee728b)
Start importing Assets/ImportAssets/Flowers/Gogo Casual Pack/Gogo Casual Free Plants Pack/FBX/Decoration_Plant_09_03.fbx using Guid(9965f1cf286e5d04297eae6af7db3532) Importer(815301076,1909f56bfc062723c751e8b465ee728b) [PhysX] Initialized MultithreadedTaskDispatcher with 12 workers.
[PhysX] Initialized MultithreadedTaskDispatcher with 12 workers.
[PhysX] Initialized MultithreadedTaskDispatcher with 12 workers.
[PhysX] Initialized MultithreadedTaskDispatcher with 12 workers.
 -> (artifact id: '865c0bce100ee7f35a6bbb03ac067804') in 0.106116 seconds
Number of updated asset objects reloaded before import = 0
Number of asset objects unloaded after import = 9
========================================================================
Received Import Request.
  Time since last request: 0.000038 seconds.
  path: Assets/ImportAssets/Flowers/Gogo Casual Pack/Gogo Casual Free Plants Pack/FBX/Decoration_Plant_04_02.fbx
  artifactKey: Guid(8c6da69fae219a343b5f1aa592854ce8) Importer(815301076,1909f56bfc062723c751e8b465ee728b)
Start importing Assets/ImportAssets/Flowers/Gogo Casual Pack/Gogo Casual Free Plants Pack/FBX/Decoration_Plant_04_02.fbx using Guid(8c6da69fae219a343b5f1aa592854ce8) Importer(815301076,1909f56bfc062723c751e8b465ee728b) [PhysX] Initialized MultithreadedTaskDispatcher with 12 workers.
[PhysX] Initialized MultithreadedTaskDispatcher with 12 workers.
[PhysX] Initialized MultithreadedTaskDispatcher with 12 workers.
[PhysX] Initialized MultithreadedTaskDispatcher with 12 workers.
 -> (artifact id: 'd3b8b4a7715427c04d0a020d937e3ee5') in 0.097759 seconds
Number of updated asset objects reloaded before import = 0
Number of asset objects unloaded after import = 9
========================================================================
Received Import Request.
  Time since last request: 0.000032 seconds.
  path: Assets/ImportAssets/Flowers/Gogo Casual Pack/Gogo Casual Free Plants Pack/FBX/Decoration_Vase_01_03.fbx
  artifactKey: Guid(e002a7f8f241ac343a6c925d3b20cf93) Importer(815301076,1909f56bfc062723c751e8b465ee728b)
Start importing Assets/ImportAssets/Flowers/Gogo Casual Pack/Gogo Casual Free Plants Pack/FBX/Decoration_Vase_01_03.fbx using Guid(e002a7f8f241ac343a6c925d3b20cf93) Importer(815301076,1909f56bfc062723c751e8b465ee728b) [PhysX] Initialized MultithreadedTaskDispatcher with 12 workers.
[PhysX] Initialized MultithreadedTaskDispatcher with 12 workers.
[PhysX] Initialized MultithreadedTaskDispatcher with 12 workers.
[PhysX] Initialized MultithreadedTaskDispatcher with 12 workers.
 -> (artifact id: 'ffb740a64465eb33e4cd493af45c1023') in 0.097212 seconds
Number of updated asset objects reloaded before import = 0
Number of asset objects unloaded after import = 9
========================================================================
Received Import Request.
  Time since last request: 0.000041 seconds.
  path: Assets/ImportAssets/Flowers/Gogo Casual Pack/Gogo Casual Free Plants Pack/FBX/Decoration_Plant_06_02.fbx
  artifactKey: Guid(571f6da6470ab6f4ab3923c2e64bf6b6) Importer(815301076,1909f56bfc062723c751e8b465ee728b)
Start importing Assets/ImportAssets/Flowers/Gogo Casual Pack/Gogo Casual Free Plants Pack/FBX/Decoration_Plant_06_02.fbx using Guid(571f6da6470ab6f4ab3923c2e64bf6b6) Importer(815301076,1909f56bfc062723c751e8b465ee728b) [PhysX] Initialized MultithreadedTaskDispatcher with 12 workers.
[PhysX] Initialized MultithreadedTaskDispatcher with 12 workers.
[PhysX] Initialized MultithreadedTaskDispatcher with 12 workers.
[PhysX] Initialized MultithreadedTaskDispatcher with 12 workers.
 -> (artifact id: '2bfdc763a6fd55bad964e98c6a04b01e') in 0.099146 seconds
Number of updated asset objects reloaded before import = 0
Number of asset objects unloaded after import = 9
========================================================================
Received Import Request.
  Time since last request: 0.000043 seconds.
  path: Assets/ImportAssets/Flowers/Gogo Casual Pack/Gogo Casual Free Plants Pack/FBX/Decoration_Vase_04_01.fbx
  artifactKey: Guid(80e8941a230a5dc4fb7f610f6a5c0bbd) Importer(815301076,1909f56bfc062723c751e8b465ee728b)
Start importing Assets/ImportAssets/Flowers/Gogo Casual Pack/Gogo Casual Free Plants Pack/FBX/Decoration_Vase_04_01.fbx using Guid(80e8941a230a5dc4fb7f610f6a5c0bbd) Importer(815301076,1909f56bfc062723c751e8b465ee728b) [PhysX] Initialized MultithreadedTaskDispatcher with 12 workers.
[PhysX] Initialized MultithreadedTaskDispatcher with 12 workers.
[PhysX] Initialized MultithreadedTaskDispatcher with 12 workers.
[PhysX] Initialized MultithreadedTaskDispatcher with 12 workers.
 -> (artifact id: '106f5a02a738021db30ed143f67c0e3b') in 0.100453 seconds
Number of updated asset objects reloaded before import = 0
Number of asset objects unloaded after import = 9
========================================================================
Received Import Request.
  Time since last request: 0.000029 seconds.
  path: Assets/ImportAssets/Flowers/Gogo Casual Pack/Gogo Casual Free Plants Pack/FBX/Decoration_Plant_03_03.fbx
  artifactKey: Guid(ecfc4a80d04ed7a44b2735be05e98425) Importer(815301076,1909f56bfc062723c751e8b465ee728b)
Start importing Assets/ImportAssets/Flowers/Gogo Casual Pack/Gogo Casual Free Plants Pack/FBX/Decoration_Plant_03_03.fbx using Guid(ecfc4a80d04ed7a44b2735be05e98425) Importer(815301076,1909f56bfc062723c751e8b465ee728b) [PhysX] Initialized MultithreadedTaskDispatcher with 12 workers.
[PhysX] Initialized MultithreadedTaskDispatcher with 12 workers.
[PhysX] Initialized MultithreadedTaskDispatcher with 12 workers.
[PhysX] Initialized MultithreadedTaskDispatcher with 12 workers.
 -> (artifact id: '3b9a357124aa91457c33799a6aeb1de3') in 0.099074 seconds
Number of updated asset objects reloaded before import = 0
Number of asset objects unloaded after import = 9
========================================================================
Received Import Request.
  Time since last request: 8.617855 seconds.
  path: Assets/ImportAssets/Flowers/Gogo Casual Pack/Gogo Casual Free Plants Pack/Prefabs/Decoration_Vase_02_02.prefab
  artifactKey: Guid(58ae5ffa58af7e8408246d351688267b) Importer(815301076,1909f56bfc062723c751e8b465ee728b)
Start importing Assets/ImportAssets/Flowers/Gogo Casual Pack/Gogo Casual Free Plants Pack/Prefabs/Decoration_Vase_02_02.prefab using Guid(58ae5ffa58af7e8408246d351688267b) Importer(815301076,1909f56bfc062723c751e8b465ee728b) [PhysX] Initialized MultithreadedTaskDispatcher with 12 workers.
[PhysX] Initialized MultithreadedTaskDispatcher with 12 workers.
 -> (artifact id: '3f7360bfee9744796f8c10450d48d78f') in 0.354516 seconds
Number of updated asset objects reloaded before import = 0
Number of asset objects unloaded after import = 19
========================================================================
Received Import Request.
  Time since last request: 0.000034 seconds.
  path: Assets/ImportAssets/Flowers/Gogo Casual Pack/Gogo Casual Free Plants Pack/Prefabs/Decoration_Vase_03_04.prefab
  artifactKey: Guid(53bcd49afc886744aa05c99dd848a62c) Importer(815301076,1909f56bfc062723c751e8b465ee728b)
Start importing Assets/ImportAssets/Flowers/Gogo Casual Pack/Gogo Casual Free Plants Pack/Prefabs/Decoration_Vase_03_04.prefab using Guid(53bcd49afc886744aa05c99dd848a62c) Importer(815301076,1909f56bfc062723c751e8b465ee728b) [PhysX] Initialized MultithreadedTaskDispatcher with 12 workers.
[PhysX] Initialized MultithreadedTaskDispatcher with 12 workers.
 -> (artifact id: '802cebf87c78683262bfad96367f7754') in 0.232582 seconds
Number of updated asset objects reloaded before import = 0
Number of asset objects unloaded after import = 19
========================================================================
Received Import Request.
  Time since last request: 0.000047 seconds.
  path: Assets/ImportAssets/Flowers/Gogo Casual Pack/Gogo Casual Free Plants Pack/Prefabs/Decoration_Vase_07_01.prefab
  artifactKey: Guid(c424664aae7c2e84f9457f46c4989155) Importer(815301076,1909f56bfc062723c751e8b465ee728b)
Start importing Assets/ImportAssets/Flowers/Gogo Casual Pack/Gogo Casual Free Plants Pack/Prefabs/Decoration_Vase_07_01.prefab using Guid(c424664aae7c2e84f9457f46c4989155) Importer(815301076,1909f56bfc062723c751e8b465ee728b) [PhysX] Initialized MultithreadedTaskDispatcher with 12 workers.
[PhysX] Initialized MultithreadedTaskDispatcher with 12 workers.
 -> (artifact id: 'e2d65c5fb6d144e1a7866aca89f210ea') in 0.205582 seconds
Number of updated asset objects reloaded before import = 0
Number of asset objects unloaded after import = 17
========================================================================
Received Import Request.
  Time since last request: 0.000034 seconds.
  path: Assets/ImportAssets/Flowers/Gogo Casual Pack/Gogo Casual Free Plants Pack/Prefabs/Decoration_Plant_01_01.prefab
  artifactKey: Guid(355f8608ec978844cab41afd1cad1457) Importer(815301076,1909f56bfc062723c751e8b465ee728b)
Start importing Assets/ImportAssets/Flowers/Gogo Casual Pack/Gogo Casual Free Plants Pack/Prefabs/Decoration_Plant_01_01.prefab using Guid(355f8608ec978844cab41afd1cad1457) Importer(815301076,1909f56bfc062723c751e8b465ee728b) [PhysX] Initialized MultithreadedTaskDispatcher with 12 workers.
[PhysX] Initialized MultithreadedTaskDispatcher with 12 workers.
 -> (artifact id: '38ff47b0f7653d18c56ba24627456d8d') in 0.202550 seconds
Number of updated asset objects reloaded before import = 0
Number of asset objects unloaded after import = 19
========================================================================
Received Import Request.
  Time since last request: 0.000050 seconds.
  path: Assets/ImportAssets/Flowers/Gogo Casual Pack/Gogo Casual Free Plants Pack/Prefabs/Decoration_Vase_05_01.prefab
  artifactKey: Guid(633918f494031c54a8df36493bbcf7ed) Importer(815301076,1909f56bfc062723c751e8b465ee728b)
Start importing Assets/ImportAssets/Flowers/Gogo Casual Pack/Gogo Casual Free Plants Pack/Prefabs/Decoration_Vase_05_01.prefab using Guid(633918f494031c54a8df36493bbcf7ed) Importer(815301076,1909f56bfc062723c751e8b465ee728b) [PhysX] Initialized MultithreadedTaskDispatcher with 12 workers.
[PhysX] Initialized MultithreadedTaskDispatcher with 12 workers.
 -> (artifact id: '49bb268034bbe5a8864da0e84a3d56b6') in 0.191169 seconds
Number of updated asset objects reloaded before import = 0
Number of asset objects unloaded after import = 19
========================================================================
Received Import Request.
  Time since last request: 0.000046 seconds.
  path: Assets/ImportAssets/Flowers/Gogo Casual Pack/Gogo Casual Free Plants Pack/Prefabs/Decoration_Vase_04_04.prefab
  artifactKey: Guid(933e42d8c4cfaef4dab3c3c532c01e5d) Importer(815301076,1909f56bfc062723c751e8b465ee728b)
Start importing Assets/ImportAssets/Flowers/Gogo Casual Pack/Gogo Casual Free Plants Pack/Prefabs/Decoration_Vase_04_04.prefab using Guid(933e42d8c4cfaef4dab3c3c532c01e5d) Importer(815301076,1909f56bfc062723c751e8b465ee728b) [PhysX] Initialized MultithreadedTaskDispatcher with 12 workers.
[PhysX] Initialized MultithreadedTaskDispatcher with 12 workers.
 -> (artifact id: '82a921a194602807ae4bb034accdae63') in 0.199846 seconds
Number of updated asset objects reloaded before import = 0
Number of asset objects unloaded after import = 19
========================================================================
Received Import Request.
  Time since last request: 0.000054 seconds.
  path: Assets/ImportAssets/Flowers/Gogo Casual Pack/Gogo Casual Free Plants Pack/Prefabs/Decoration_Vase_06_03.prefab
  artifactKey: Guid(cf554a0812b96ed4f940a475e068a5ec) Importer(815301076,1909f56bfc062723c751e8b465ee728b)
Start importing Assets/ImportAssets/Flowers/Gogo Casual Pack/Gogo Casual Free Plants Pack/Prefabs/Decoration_Vase_06_03.prefab using Guid(cf554a0812b96ed4f940a475e068a5ec) Importer(815301076,1909f56bfc062723c751e8b465ee728b) [PhysX] Initialized MultithreadedTaskDispatcher with 12 workers.
[PhysX] Initialized MultithreadedTaskDispatcher with 12 workers.
 -> (artifact id: 'fbfcc91fcc06e04ca99cbcc96821ba6d') in 0.198537 seconds
Number of updated asset objects reloaded before import = 0
Number of asset objects unloaded after import = 17
========================================================================
Received Import Request.
  Time since last request: 0.000031 seconds.
  path: Assets/ImportAssets/Flowers/Gogo Casual Pack/Gogo Casual Free Plants Pack/Prefabs/Decoration_Plant_07_01.prefab
  artifactKey: Guid(86d7edb0f984f0148ac8ceb4d7e5a949) Importer(815301076,1909f56bfc062723c751e8b465ee728b)
Start importing Assets/ImportAssets/Flowers/Gogo Casual Pack/Gogo Casual Free Plants Pack/Prefabs/Decoration_Plant_07_01.prefab using Guid(86d7edb0f984f0148ac8ceb4d7e5a949) Importer(815301076,1909f56bfc062723c751e8b465ee728b) [PhysX] Initialized MultithreadedTaskDispatcher with 12 workers.
[PhysX] Initialized MultithreadedTaskDispatcher with 12 workers.
 -> (artifact id: '5b0517091d28bf0f9d8283a8ca1689d1') in 0.211326 seconds
Number of updated asset objects reloaded before import = 0
Number of asset objects unloaded after import = 19
========================================================================
Received Import Request.
  Time since last request: 0.000050 seconds.
  path: Assets/ImportAssets/Flowers/Gogo Casual Pack/Gogo Casual Free Plants Pack/Prefabs/Decoration_Plant_02_02.prefab
  artifactKey: Guid(57f77c3a7d356eb42b23fd20e9252999) Importer(815301076,1909f56bfc062723c751e8b465ee728b)
Start importing Assets/ImportAssets/Flowers/Gogo Casual Pack/Gogo Casual Free Plants Pack/Prefabs/Decoration_Plant_02_02.prefab using Guid(57f77c3a7d356eb42b23fd20e9252999) Importer(815301076,1909f56bfc062723c751e8b465ee728b) [PhysX] Initialized MultithreadedTaskDispatcher with 12 workers.
[PhysX] Initialized MultithreadedTaskDispatcher with 12 workers.
 -> (artifact id: 'e0c69f2eb274c71f3f69b006bda9411e') in 0.214691 seconds
Number of updated asset objects reloaded before import = 0
Number of asset objects unloaded after import = 19
========================================================================
Received Import Request.
  Time since last request: 0.000034 seconds.
  path: Assets/ImportAssets/Flowers/Gogo Casual Pack/Gogo Casual Free Plants Pack/Prefabs/Decoration_Plant_04_03.prefab
  artifactKey: Guid(afd227f78cf0bfb439553cd1ed02009e) Importer(815301076,1909f56bfc062723c751e8b465ee728b)
Start importing Assets/ImportAssets/Flowers/Gogo Casual Pack/Gogo Casual Free Plants Pack/Prefabs/Decoration_Plant_04_03.prefab using Guid(afd227f78cf0bfb439553cd1ed02009e) Importer(815301076,1909f56bfc062723c751e8b465ee728b) [PhysX] Initialized MultithreadedTaskDispatcher with 12 workers.
[PhysX] Initialized MultithreadedTaskDispatcher with 12 workers.
 -> (artifact id: '8edc42b9842167cbc9a7481cbd862b27') in 0.210493 seconds
Number of updated asset objects reloaded before import = 0
Number of asset objects unloaded after import = 19
========================================================================
Received Import Request.
  Time since last request: 0.000039 seconds.
  path: Assets/ImportAssets/Flowers/Gogo Casual Pack/Gogo Casual Free Plants Pack/Prefabs/Decoration_Plant_09_02.prefab
  artifactKey: Guid(80df1e6c02c6246438fa13884f1a0bf0) Importer(815301076,1909f56bfc062723c751e8b465ee728b)
Start importing Assets/ImportAssets/Flowers/Gogo Casual Pack/Gogo Casual Free Plants Pack/Prefabs/Decoration_Plant_09_02.prefab using Guid(80df1e6c02c6246438fa13884f1a0bf0) Importer(815301076,1909f56bfc062723c751e8b465ee728b) [PhysX] Initialized MultithreadedTaskDispatcher with 12 workers.
[PhysX] Initialized MultithreadedTaskDispatcher with 12 workers.
 -> (artifact id: 'ba9e56c55eef2059db87e2ac8ff1180b') in 0.198563 seconds
Number of updated asset objects reloaded before import = 0
Number of asset objects unloaded after import = 19
========================================================================
Received Import Request.
  Time since last request: 0.000039 seconds.
  path: Assets/ImportAssets/Flowers/Gogo Casual Pack/Gogo Casual Free Plants Pack/Prefabs/Decoration_Plant_04_01.prefab
  artifactKey: Guid(6958131b474cd624584c455d02513397) Importer(815301076,1909f56bfc062723c751e8b465ee728b)
Start importing Assets/ImportAssets/Flowers/Gogo Casual Pack/Gogo Casual Free Plants Pack/Prefabs/Decoration_Plant_04_01.prefab using Guid(6958131b474cd624584c455d02513397) Importer(815301076,1909f56bfc062723c751e8b465ee728b) [PhysX] Initialized MultithreadedTaskDispatcher with 12 workers.
[PhysX] Initialized MultithreadedTaskDispatcher with 12 workers.
 -> (artifact id: '93beb838d9a41d76f6d05cf29a4ffb3f') in 0.238008 seconds
Number of updated asset objects reloaded before import = 0
Number of asset objects unloaded after import = 19
========================================================================
Received Import Request.
  Time since last request: 0.000040 seconds.
  path: Assets/ImportAssets/Flowers/Gogo Casual Pack/Gogo Casual Free Plants Pack/Prefabs/Decoration_Vase_08_01.prefab
  artifactKey: Guid(3792f6aea7248474c9b792521a16bffc) Importer(815301076,1909f56bfc062723c751e8b465ee728b)
Start importing Assets/ImportAssets/Flowers/Gogo Casual Pack/Gogo Casual Free Plants Pack/Prefabs/Decoration_Vase_08_01.prefab using Guid(3792f6aea7248474c9b792521a16bffc) Importer(815301076,1909f56bfc062723c751e8b465ee728b) [PhysX] Initialized MultithreadedTaskDispatcher with 12 workers.
[PhysX] Initialized MultithreadedTaskDispatcher with 12 workers.
 -> (artifact id: '7bb7777bfc2f4cb231e8eeebc949dc46') in 0.197998 seconds
Number of updated asset objects reloaded before import = 0
Number of asset objects unloaded after import = 19
========================================================================
Received Import Request.
  Time since last request: 0.000046 seconds.
  path: Assets/ImportAssets/Flowers/Gogo Casual Pack/Gogo Casual Free Plants Pack/Prefabs/Decoration_Plant_06_01.prefab
  artifactKey: Guid(13ba4b06dfebf5a4fb50625a9c714283) Importer(815301076,1909f56bfc062723c751e8b465ee728b)
Start importing Assets/ImportAssets/Flowers/Gogo Casual Pack/Gogo Casual Free Plants Pack/Prefabs/Decoration_Plant_06_01.prefab using Guid(13ba4b06dfebf5a4fb50625a9c714283) Importer(815301076,1909f56bfc062723c751e8b465ee728b) [PhysX] Initialized MultithreadedTaskDispatcher with 12 workers.
[PhysX] Initialized MultithreadedTaskDispatcher with 12 workers.
 -> (artifact id: 'e6d63645214a29fcd2922b709c9bf4a9') in 0.214980 seconds
Number of updated asset objects reloaded before import = 0
Number of asset objects unloaded after import = 19
========================================================================
Received Import Request.
  Time since last request: 0.000045 seconds.
  path: Assets/ImportAssets/Flowers/Gogo Casual Pack/Gogo Casual Free Plants Pack/Prefabs/Decoration_Vase_08_02.prefab
  artifactKey: Guid(4ec1535191cd1ab40a00cf7c93708848) Importer(815301076,1909f56bfc062723c751e8b465ee728b)
Start importing Assets/ImportAssets/Flowers/Gogo Casual Pack/Gogo Casual Free Plants Pack/Prefabs/Decoration_Vase_08_02.prefab using Guid(4ec1535191cd1ab40a00cf7c93708848) Importer(815301076,1909f56bfc062723c751e8b465ee728b) [PhysX] Initialized MultithreadedTaskDispatcher with 12 workers.
[PhysX] Initialized MultithreadedTaskDispatcher with 12 workers.
 -> (artifact id: '0a803d44c08a58fdc344005e6ada0c3d') in 0.211150 seconds
Number of updated asset objects reloaded before import = 0
Number of asset objects unloaded after import = 19
========================================================================
Received Import Request.
  Time since last request: 0.000088 seconds.
  path: Assets/ImportAssets/Flowers/Gogo Casual Pack/Gogo Casual Free Plants Pack/Prefabs/Decoration_Plant_06_02.prefab
  artifactKey: Guid(a1d0eee59e8fc1740ae9ad80096b853d) Importer(815301076,1909f56bfc062723c751e8b465ee728b)
Start importing Assets/ImportAssets/Flowers/Gogo Casual Pack/Gogo Casual Free Plants Pack/Prefabs/Decoration_Plant_06_02.prefab using Guid(a1d0eee59e8fc1740ae9ad80096b853d) Importer(815301076,1909f56bfc062723c751e8b465ee728b) [PhysX] Initialized MultithreadedTaskDispatcher with 12 workers.
[PhysX] Initialized MultithreadedTaskDispatcher with 12 workers.
 -> (artifact id: 'ad66efa86791563f6152ec7ad453858d') in 0.210445 seconds
Number of updated asset objects reloaded before import = 0
Number of asset objects unloaded after import = 19
========================================================================
Received Import Request.
  Time since last request: 0.000050 seconds.
  path: Assets/ImportAssets/Flowers/Gogo Casual Pack/Gogo Casual Free Plants Pack/Prefabs/Decoration_Vase_05_03.prefab
  artifactKey: Guid(869129c6b5957cb47990a7d6bfde5694) Importer(815301076,1909f56bfc062723c751e8b465ee728b)
Start importing Assets/ImportAssets/Flowers/Gogo Casual Pack/Gogo Casual Free Plants Pack/Prefabs/Decoration_Vase_05_03.prefab using Guid(869129c6b5957cb47990a7d6bfde5694) Importer(815301076,1909f56bfc062723c751e8b465ee728b) [PhysX] Initialized MultithreadedTaskDispatcher with 12 workers.
[PhysX] Initialized MultithreadedTaskDispatcher with 12 workers.
 -> (artifact id: '5039745b643b692bf633715c8fb13714') in 0.205727 seconds
Number of updated asset objects reloaded before import = 0
Number of asset objects unloaded after import = 19
========================================================================
Received Import Request.
  Time since last request: 0.000037 seconds.
  path: Assets/ImportAssets/Flowers/Gogo Casual Pack/Gogo Casual Free Plants Pack/Prefabs/Decoration_Plant_05_01.prefab
  artifactKey: Guid(1f86ac0ee023f7e4aafc912fad73d4fc) Importer(815301076,1909f56bfc062723c751e8b465ee728b)
Start importing Assets/ImportAssets/Flowers/Gogo Casual Pack/Gogo Casual Free Plants Pack/Prefabs/Decoration_Plant_05_01.prefab using Guid(1f86ac0ee023f7e4aafc912fad73d4fc) Importer(815301076,1909f56bfc062723c751e8b465ee728b) [PhysX] Initialized MultithreadedTaskDispatcher with 12 workers.
[PhysX] Initialized MultithreadedTaskDispatcher with 12 workers.
 -> (artifact id: 'd279043c7a1a0eee3438633241b4c09b') in 0.204693 seconds
Number of updated asset objects reloaded before import = 0
Number of asset objects unloaded after import = 19
========================================================================
Received Import Request.
  Time since last request: 0.000035 seconds.
  path: Assets/ImportAssets/Flowers/Gogo Casual Pack/Gogo Casual Free Plants Pack/Prefabs/Decoration_Plant_03_03.prefab
  artifactKey: Guid(b0b5bcbdd5014354b9ff642a993b9afc) Importer(815301076,1909f56bfc062723c751e8b465ee728b)
Start importing Assets/ImportAssets/Flowers/Gogo Casual Pack/Gogo Casual Free Plants Pack/Prefabs/Decoration_Plant_03_03.prefab using Guid(b0b5bcbdd5014354b9ff642a993b9afc) Importer(815301076,1909f56bfc062723c751e8b465ee728b) [PhysX] Initialized MultithreadedTaskDispatcher with 12 workers.
[PhysX] Initialized MultithreadedTaskDispatcher with 12 workers.
 -> (artifact id: 'e2d8c38bd9684b48965317efe49f571a') in 0.202940 seconds
Number of updated asset objects reloaded before import = 0
Number of asset objects unloaded after import = 19
Editor requested this worker to shutdown with reason: Scaling down because of idle timeout
TcpMessagingSession - receive error: operation aborted. errorcode: 125, details: Operation aborted.
AssetImportWorker is now disconnected from the server
Process exiting
